Array
(
    [Productgroup] => Array
        (
            [detect_relations] => 1
            [options] => Array
                (
                    [type] => INNODB
                    [collate] => utf8_hungarian_ci
                    [charset] => utf8
                )

            [columns] => Array
                (
                    [Name] => Array
                        (
                            [type] => string
                            [name] => Name
                            [length] => 100
                            [fixed] => 
                            [primary] => 
                            [default] => 
                            [autoincrement] => 
                            [sequence] => 
                            [values] => 
                        )

                    [Slug] => Array
                        (
                            [type] => string
                            [name] => Slug
                            [length] => 100
                            [fixed] => 
                            [primary] => 
                            [default] => 
                            [autoincrement] => 
                            [sequence] => 
                            [values] => 
                        )

                )

            [actAs] => Array
                (
                    [Timestampable] => 
                    [I18n] => Array
                        (
                            [fields] => Array
                                (
                                    [0] => Name
                                    [1] => Slug
                                )

                        )

                )

            [abstract] => 
            [className] => Productgroup
            [tableName] => productgroup
            [connection] => 
            [relations] => Array
                (
                    [Productcategories] => Array
                        (
                            [foreign] => Productgroup_id
                            [local] => id
                            [class] => Productcategory
                            [alias] => Productcategories
                            [foreignAlias] => Productgroup
                            [autogenerated] => 1
                            [type] => 1
                            [key] => 960a7741af77b40826b9f7e6ada6182b
                        )

                )

            [indexes] => Array
                (
                )

            [attributes] => Array
                (
                )

            [templates] => Array
                (
                )

            [package] => 
            [inheritance] => Array
                (
                )

            [connectionClassName] => Productgroup
        )

    [Productcategory] => Array
        (
            [detect_relations] => 1
            [options] => Array
                (
                    [type] => INNODB
                    [collate] => utf8_hungarian_ci
                    [charset] => utf8
                )

            [columns] => Array
                (
                    [Name] => Array
                        (
                            [type] => string
                            [name] => Name
                            [length] => 100
                            [fixed] => 
                            [primary] => 
                            [default] => 
                            [autoincrement] => 
                            [sequence] => 
                            [values] => 
                        )

                    [Slug] => Array
                        (
                            [type] => string
                            [name] => Slug
                            [length] => 100
                            [fixed] => 
                            [primary] => 
                            [default] => 
                            [autoincrement] => 
                            [sequence] => 
                            [values] => 
                        )

                    [Productgroup_id] => Array
                        (
                            [type] => integer
                            [name] => Productgroup_id
                            [length] => 
                            [fixed] => 
                            [primary] => 
                            [default] => 
                            [autoincrement] => 
                            [sequence] => 
                            [values] => 
                        )

                )

            [actAs] => Array
                (
                    [Timestampable] => 
                    [I18n] => Array
                        (
                            [fields] => Array
                                (
                                    [0] => Name
                                    [1] => Slug
                                )

                        )

                )

            [relations] => Array
                (
                    [Productgroup] => Array
                        (
                            [local] => Productgroup_id
                            [foreign] => id
                            [foreignAlias] => Productcategories
                            [class] => Productgroup
                            [alias] => Productgroup
                            [type] => 0
                            [key] => 7da51e6079c473204214f5b5731e3a45
                        )

                    [Products] => Array
                        (
                            [foreign] => Productcategory_id
                            [local] => id
                            [class] => Product
                            [alias] => Products
                            [foreignAlias] => Productcategory
                            [autogenerated] => 1
                            [type] => 1
                            [key] => 7de53fb16b7183933e81c7ce0ef63555
                        )

                )

            [abstract] => 
            [className] => Productcategory
            [tableName] => productcategory
            [connection] => 
            [indexes] => Array
                (
                )

            [attributes] => Array
                (
                )

            [templates] => Array
                (
                )

            [package] => 
            [inheritance] => Array
                (
                )

            [connectionClassName] => Productcategory
        )

    [Product] => Array
        (
            [detect_relations] => 1
            [options] => Array
                (
                    [type] => INNODB
                    [collate] => utf8_hungarian_ci
                    [charset] => utf8
                )

            [columns] => Array
                (
                    [Name] => Array
                        (
                            [type] => string
                            [name] => Name
                            [length] => 128
                            [fixed] => 
                            [primary] => 
                            [default] => 
                            [autoincrement] => 
                            [sequence] => 
                            [values] => 
                        )

                    [Shortdescription] => Array
                        (
                            [type] => string
                            [name] => Shortdescription
                            [length] => 511
                            [fixed] => 
                            [primary] => 
                            [default] => 
                            [autoincrement] => 
                            [sequence] => 
                            [values] => 
                        )

                    [Details] => Array
                        (
                            [type] => clob
                            [name] => Details
                            [length] => 
                            [fixed] => 
                            [primary] => 
                            [default] => 
                            [autoincrement] => 
                            [sequence] => 
                            [values] => 
                        )

                    [Slug] => Array
                        (
                            [type] => string
                            [name] => Slug
                            [length] => 128
                            [fixed] => 
                            [primary] => 
                            [default] => 
                            [autoincrement] => 
                            [sequence] => 
                            [values] => 
                        )

                    [Productcategory_id] => Array
                        (
                            [type] => integer
                            [name] => Productcategory_id
                            [length] => 
                            [fixed] => 
                            [primary] => 
                            [default] => 
                            [autoincrement] => 
                            [sequence] => 
                            [values] => 
                        )

                    [Image_id] => Array
                        (
                            [type] => integer
                            [name] => Image_id
                            [length] => 
                            [fixed] => 
                            [primary] => 
                            [default] => 
                            [autoincrement] => 
                            [sequence] => 
                            [values] => 
                        )

                )

            [indexes] => Array
                (
                    [Productcategory_id_index] => Array
                        (
                            [fields] => Array
                                (
                                    [0] => Productcategory_id
                                )

                        )

                    [Slug_index] => Array
                        (
                            [fields] => Array
                                (
                                    [0] => Slug
                                )

                        )

                )

            [actAs] => Array
                (
                    [Timestampable] => 
                    [I18n] => Array
                        (
                            [fields] => Array
                                (
                                    [0] => Name
                                    [1] => Shortdescription
                                    [2] => Details
                                    [3] => Slug
                                )

                        )

                    [Versionable] => Array
                        (
                            [versionColumn] => Version
                            [className] => %CLASS%Version
                            [auditLog] => 1
                        )

                    [Searchable] => Array
                        (
                            [fields] => Array
                                (
                                    [0] => Name
                                    [1] => Shortdescription
                                    [2] => Details
                                )

                        )

                )

            [relations] => Array
                (
                    [Productcategory] => Array
                        (
                            [local] => Productcategory_id
                            [foreign] => id
                            [foreignAlias] => Products
                            [class] => Productcategory
                            [alias] => Productcategory
                            [type] => 0
                            [key] => 0cd9bc0b591ca3f4b3566ff81dfb7263
                        )

                    [Prices] => Array
                        (
                            [foreign] => Product_id
                            [local] => id
                            [class] => Productprice
                            [alias] => Prices
                            [foreignAlias] => Product
                            [autogenerated] => 1
                            [type] => 1
                            [key] => 60cf33dd617d00fcb5e364a3067252a1
                        )

                )

            [abstract] => 
            [className] => Product
            [tableName] => product
            [connection] => 
            [attributes] => Array
                (
                )

            [templates] => Array
                (
                )

            [package] => 
            [inheritance] => Array
                (
                )

            [connectionClassName] => Product
        )

    [Productprice] => Array
        (
            [detect_relations] => 1
            [options] => Array
                (
                    [type] => INNODB
                    [collate] => utf8_hungarian_ci
                    [charset] => utf8
                )

            [columns] => Array
                (
                    [Product_id] => Array
                        (
                            [type] => integer
                            [name] => Product_id
                            [length] => 
                            [fixed] => 
                            [primary] => 
                            [default] => 
                            [autoincrement] => 
                            [sequence] => 
                            [values] => 
                        )

                    [Country_id] => Array
                        (
                            [type] => integer
                            [name] => Country_id
                            [length] => 
                            [fixed] => 
                            [primary] => 
                            [default] => 
                            [autoincrement] => 
                            [sequence] => 
                            [values] => 
                        )

                    [Currency_id] => Array
                        (
                            [type] => integer
                            [name] => Currency_id
                            [length] => 
                            [fixed] => 
                            [primary] => 
                            [default] => 
                            [autoincrement] => 
                            [sequence] => 
                            [values] => 
                        )

                    [Price] => Array
                        (
                            [type] => integer
                            [name] => Price
                            [length] => 
                            [fixed] => 
                            [primary] => 
                            [default] => 
                            [autoincrement] => 
                            [sequence] => 
                            [values] => 
                        )

                    [Validfrom] => Array
                        (
                            [type] => datetime
                            [name] => Validfrom
                            [length] => 
                            [fixed] => 
                            [primary] => 
                            [default] => 
                            [autoincrement] => 
                            [sequence] => 
                            [values] => 
                        )

                    [Validuntil] => Array
                        (
                            [type] => datetime
                            [name] => Validuntil
                            [length] => 
                            [fixed] => 
                            [primary] => 
                            [default] => 
                            [autoincrement] => 
                            [sequence] => 
                            [values] => 
                        )

                )

            [actAs] => Array
                (
                    [Timestampable] => 
                )

            [relations] => Array
                (
                    [Product] => Array
                        (
                            [local] => Product_id
                            [foreign] => id
                            [foreignAlias] => Prices
                            [class] => Product
                            [alias] => Product
                            [type] => 0
                            [key] => 23c1597dede39845bb168e9adfe64a0c
                        )

                )

            [abstract] => 
            [className] => Productprice
            [tableName] => productprice
            [connection] => 
            [indexes] => Array
                (
                )

            [attributes] => Array
                (
                )

            [templates] => Array
                (
                )

            [package] => 
            [inheritance] => Array
                (
                )

            [connectionClassName] => Productprice
        )

    [ProductImage] => Array
        (
            [detect_relations] => 1
            [options] => Array
                (
                    [type] => INNODB
                    [collate] => utf8_hungarian_ci
                    [charset] => utf8
                )

            [inheritance] => Array
                (
                    [extends] => EntityImage
                    [type] => column_aggregation
                    [keyField] => Entity
                    [keyValue] => Product
                )

            [abstract] => 
            [className] => ProductImage
            [tableName] => 
            [connection] => 
            [relations] => Array
                (
                )

            [indexes] => Array
                (
                )

            [attributes] => Array
                (
                )

            [templates] => Array
                (
                )

            [actAs] => Array
                (
                )

            [package] => 
            [columns] => Array
                (
                )

            [connectionClassName] => ProductImage
        )

    [EntityImage] => Array
        (
            [columns] => Array
                (
                    [Entity] => Array
                        (
                            [name] => Entity
                            [type] => string
                            [length] => 255
                        )

                )

        )

)
==============================Array
(
    [columns] => Array
        (
            [Entity] => Array
                (
                    [name] => Entity
                    [type] => string
                    [length] => 255
                )

        )

)
